# JRE version: Java(TM) SE Runtime Environment (8.0_45-b14) (build 1.8.0_45-b14)
# Java VM: Java HotSpot(TM) 64-Bit Server VM (25.45-b02 mixed mode windows-amd64 compressed oops)
Heap:
 PSYoungGen      total 37888K, used 34236K [0x00000000d6600000, 0x00000000db000000, 0x0000000100000000)
  eden space 32768K, 90% used [0x00000000d6600000,0x00000000d83071e8,0x00000000d8600000)
  from space 5120K, 88% used [0x00000000d8b00000,0x00000000d8f68040,0x00000000d9000000)
  to   space 5120K, 0% used [0x00000000d8600000,0x00000000d8600000,0x00000000d8b00000)
 ParOldGen       total 86016K, used 96K [0x0000000083200000, 0x0000000088600000, 0x00000000d6600000)
  object space 86016K, 0% used [0x0000000083200000,0x0000000083218010,0x0000000088600000)
 Metaspace       used 17528K, capacity 18502K, committed 18816K, reserved 1064960K
  class space    used 2620K, capacity 2833K, committed 2944K, reserved 1048576K
GC Heap History (4 events):
Event: 2.145 GC heap before
{Heap before GC invocations=1 (full 0):
 PSYoungGen      total 37888K, used 32768K [0x00000000d6600000, 0x00000000d9000000, 0x0000000100000000)
  eden space 32768K, 100% used [0x00000000d6600000,0x00000000d8600000,0x00000000d8600000)
  from space 5120K, 0% used [0x00000000d8b00000,0x00000000d8b00000,0x00000000d9000000)
  to   space 5120K, 0% used [0x00000000d8600000,0x00000000d8600000,0x00000000d8b00000)
 ParOldGen       total 86016K, used 0K [0x0000000083200000, 0x0000000088600000, 0x00000000d6600000)
  object space 86016K, 0% used [0x0000000083200000,0x0000000083200000,0x0000000088600000)
 Metaspace       used 12155K, capacity 12716K, committed 12928K, reserved 1060864K
  class space    used 1641K, capacity 1808K, committed 1920K, reserved 1048576K
Event: 2.156 GC heap after
Heap after GC invocations=1 (full 0):
 PSYoungGen      total 37888K, used 3840K [0x00000000d6600000, 0x00000000d9000000, 0x0000000100000000)
  eden space 32768K, 0% used [0x00000000d6600000,0x00000000d6600000,0x00000000d8600000)
  from space 5120K, 75% used [0x00000000d8600000,0x00000000d89c0040,0x00000000d8b00000)
  to   space 5120K, 0% used [0x00000000d8b00000,0x00000000d8b00000,0x00000000d9000000)
 ParOldGen       total 86016K, used 80K [0x0000000083200000, 0x0000000088600000, 0x00000000d6600000)
  object space 86016K, 0% used [0x0000000083200000,0x0000000083214010,0x0000000088600000)
 Metaspace       used 12155K, capacity 12716K, committed 12928K, reserved 1060864K
  class space    used 1641K, capacity 1808K, committed 1920K, reserved 1048576K
}
Event: 2.656 GC heap before
{Heap before GC invocations=2 (full 0):
 PSYoungGen      total 37888K, used 36608K [0x00000000d6600000, 0x00000000d9000000, 0x0000000100000000)
  eden space 32768K, 100% used [0x00000000d6600000,0x00000000d8600000,0x00000000d8600000)
  from space 5120K, 75% used [0x00000000d8600000,0x00000000d89c0040,0x00000000d8b00000)
  to   space 5120K, 0% used [0x00000000d8b00000,0x00000000d8b00000,0x00000000d9000000)
 ParOldGen       total 86016K, used 80K [0x0000000083200000, 0x0000000088600000, 0x00000000d6600000)
  object space 86016K, 0% used [0x0000000083200000,0x0000000083214010,0x0000000088600000)
 Metaspace       used 13687K, capacity 14424K, committed 14720K, reserved 1062912K
  class space    used 1871K, capacity 2054K, committed 2176K, reserved 1048576K
Event: 2.665 GC heap after
Heap after GC invocations=2 (full 0):
 PSYoungGen      total 37888K, used 4512K [0x00000000d6600000, 0x00000000db000000, 0x0000000100000000)
  eden space 32768K, 0% used [0x00000000d6600000,0x00000000d6600000,0x00000000d8600000)
  from space 5120K, 88% used [0x00000000d8b00000,0x00000000d8f68040,0x00000000d9000000)
  to   space 5120K, 0% used [0x00000000d8600000,0x00000000d8600000,0x00000000d8b00000)
 ParOldGen       total 86016K, used 96K [0x0000000083200000, 0x0000000088600000, 0x00000000d6600000)
  object space 86016K, 0% used [0x0000000083200000,0x0000000083218010,0x0000000088600000)
 Metaspace       used 13687K, capacity 14424K, committed 14720K, reserved 1062912K
  class space    used 1871K, capacity 2054K, committed 2176K, reserved 1048576K
}

