# JRE version: Java(TM) SE Runtime Environment (8.0_45-b14) (build 1.8.0_45-b14)
# Java VM: Java HotSpot(TM) 64-Bit Server VM (25.45-b02 mixed mode windows-amd64 compressed oops)
Heap:
 PSYoungGen      total 70656K, used 13322K [0x00000000d6600000, 0x00000000db000000, 0x0000000100000000)
  eden space 65536K, 20% used [0x00000000d6600000,0x00000000d7302918,0x00000000da600000)
  from space 5120K, 0% used [0x00000000da600000,0x00000000da600000,0x00000000dab00000)
  to   space 5120K, 0% used [0x00000000dab00000,0x00000000dab00000,0x00000000db000000)
 ParOldGen       total 86016K, used 7217K [0x0000000083200000, 0x0000000088600000, 0x00000000d6600000)
  object space 86016K, 8% used [0x0000000083200000,0x000000008390c768,0x0000000088600000)
 Metaspace       used 19814K, capacity 20896K, committed 20992K, reserved 1067008K
  class space    used 2834K, capacity 3062K, committed 3072K, reserved 1048576K
GC Heap History (8 events):
Event: 1.301 GC heap before
{Heap before GC invocations=1 (full 0):
 PSYoungGen      total 37888K, used 32768K [0x00000000d6600000, 0x00000000d9000000, 0x0000000100000000)
  eden space 32768K, 100% used [0x00000000d6600000,0x00000000d8600000,0x00000000d8600000)
  from space 5120K, 0% used [0x00000000d8b00000,0x00000000d8b00000,0x00000000d9000000)
  to   space 5120K, 0% used [0x00000000d8600000,0x00000000d8600000,0x00000000d8b00000)
 ParOldGen       total 86016K, used 0K [0x0000000083200000, 0x0000000088600000, 0x00000000d6600000)
  object space 86016K, 0% used [0x0000000083200000,0x0000000083200000,0x0000000088600000)
 Metaspace       used 12573K, capacity 13080K, committed 13184K, reserved 1060864K
  class space    used 1682K, capacity 1842K, committed 1920K, reserved 1048576K
Event: 1.321 GC heap after
Heap after GC invocations=1 (full 0):
 PSYoungGen      total 37888K, used 3904K [0x00000000d6600000, 0x00000000db000000, 0x0000000100000000)
  eden space 32768K, 0% used [0x00000000d6600000,0x00000000d6600000,0x00000000d8600000)
  from space 5120K, 76% used [0x00000000d8600000,0x00000000d89d0040,0x00000000d8b00000)
  to   space 5120K, 0% used [0x00000000dab00000,0x00000000dab00000,0x00000000db000000)
 ParOldGen       total 86016K, used 72K [0x0000000083200000, 0x0000000088600000, 0x00000000d6600000)
  object space 86016K, 0% used [0x0000000083200000,0x0000000083212010,0x0000000088600000)
 Metaspace       used 12573K, capacity 13080K, committed 13184K, reserved 1060864K
  class space    used 1682K, capacity 1842K, committed 1920K, reserved 1048576K
}
Event: 2.009 GC heap before
{Heap before GC invocations=2 (full 0):
 PSYoungGen      total 37888K, used 36672K [0x00000000d6600000, 0x00000000db000000, 0x0000000100000000)
  eden space 32768K, 100% used [0x00000000d6600000,0x00000000d8600000,0x00000000d8600000)
  from space 5120K, 76% used [0x00000000d8600000,0x00000000d89d0040,0x00000000d8b00000)
  to   space 5120K, 0% used [0x00000000dab00000,0x00000000dab00000,0x00000000db000000)
 ParOldGen       total 86016K, used 72K [0x0000000083200000, 0x0000000088600000, 0x00000000d6600000)
  object space 86016K, 0% used [0x0000000083200000,0x0000000083212010,0x0000000088600000)
 Metaspace       used 14092K, capacity 14852K, committed 14976K, reserved 1062912K
  class space    used 1915K, capacity 2088K, committed 2176K, reserved 1048576K
Event: 2.020 GC heap after
Heap after GC invocations=2 (full 0):
 PSYoungGen      total 70656K, used 4688K [0x00000000d6600000, 0x00000000db000000, 0x0000000100000000)
  eden space 65536K, 0% used [0x00000000d6600000,0x00000000d6600000,0x00000000da600000)
  from space 5120K, 91% used [0x00000000dab00000,0x00000000daf94030,0x00000000db000000)
  to   space 5120K, 0% used [0x00000000da600000,0x00000000da600000,0x00000000dab00000)
 ParOldGen       total 86016K, used 88K [0x0000000083200000, 0x0000000088600000, 0x00000000d6600000)
  object space 86016K, 0% used [0x0000000083200000,0x0000000083216010,0x0000000088600000)
 Metaspace       used 14092K, capacity 14852K, committed 14976K, reserved 1062912K
  class space    used 1915K, capacity 2088K, committed 2176K, reserved 1048576K
}
Event: 2.637 GC heap before
{Heap before GC invocations=3 (full 0):
 PSYoungGen      total 70656K, used 30484K [0x00000000d6600000, 0x00000000db000000, 0x0000000100000000)
  eden space 65536K, 39% used [0x00000000d6600000,0x00000000d7f311f0,0x00000000da600000)
  from space 5120K, 91% used [0x00000000dab00000,0x00000000daf94030,0x00000000db000000)
  to   space 5120K, 0% used [0x00000000da600000,0x00000000da600000,0x00000000dab00000)
 ParOldGen       total 86016K, used 88K [0x0000000083200000, 0x0000000088600000, 0x00000000d6600000)
  object space 86016K, 0% used [0x0000000083200000,0x0000000083216010,0x0000000088600000)
 Metaspace       used 16144K, capacity 17056K, committed 17152K, reserved 1064960K
  class space    used 2089K, capacity 2292K, committed 2304K, reserved 1048576K
Event: 2.656 GC heap after
Heap after GC invocations=3 (full 0):
 PSYoungGen      total 70656K, used 5107K [0x00000000d6600000, 0x00000000db000000, 0x0000000100000000)
  eden space 65536K, 0% used [0x00000000d6600000,0x00000000d6600000,0x00000000da600000)
  from space 5120K, 99% used [0x00000000da600000,0x00000000daafcfe0,0x00000000dab00000)
  to   space 5120K, 0% used [0x00000000dab00000,0x00000000dab00000,0x00000000db000000)
 ParOldGen       total 86016K, used 2194K [0x0000000083200000, 0x0000000088600000, 0x00000000d6600000)
  object space 86016K, 2% used [0x0000000083200000,0x00000000834248c8,0x0000000088600000)
 Metaspace       used 16144K, capacity 17056K, committed 17152K, reserved 1064960K
  class space    used 2089K, capacity 2292K, committed 2304K, reserved 1048576K
}
Event: 2.656 GC heap before
{Heap before GC invocations=4 (full 1):
 PSYoungGen      total 70656K, used 5107K [0x00000000d6600000, 0x00000000db000000, 0x0000000100000000)
  eden space 65536K, 0% used [0x00000000d6600000,0x00000000d6600000,0x00000000da600000)
  from space 5120K, 99% used [0x00000000da600000,0x00000000daafcfe0,0x00000000dab00000)
  to   space 5120K, 0% used [0x00000000dab00000,0x00000000dab00000,0x00000000db000000)
 ParOldGen       total 86016K, used 2194K [0x0000000083200000, 0x0000000088600000, 0x00000000d6600000)
  object space 86016K, 2% used [0x0000000083200000,0x00000000834248c8,0x0000000088600000)
 Metaspace       used 16144K, capacity 17056K, committed 17152K, reserved 1064960K
  class space    used 2089K, capacity 2292K, committed 2304K, reserved 1048576K
Event: 2.721 GC heap after
Heap after GC invocations=4 (full 1):
 PSYoungGen      total 70656K, used 0K [0x00000000d6600000, 0x00000000db000000, 0x0000000100000000)
  eden space 65536K, 0% used [0x00000000d6600000,0x00000000d6600000,0x00000000da600000)
  from space 5120K, 0% used [0x00000000da600000,0x00000000da600000,0x00000000dab00000)
  to   space 5120K, 0% used [0x00000000dab00000,0x00000000dab00000,0x00000000db000000)
 ParOldGen       total 86016K, used 7217K [0x0000000083200000, 0x0000000088600000, 0x00000000d6600000)
  object space 86016K, 8% used [0x0000000083200000,0x000000008390c768,0x0000000088600000)
 Metaspace       used 16144K, capacity 17056K, committed 17152K, reserved 1064960K
  class space    used 2089K, capacity 2292K, committed 2304K, reserved 1048576K
}

