# JRE version: Java(TM) SE Runtime Environment (8.0_45-b14) (build 1.8.0_45-b14)
# Java VM: Java HotSpot(TM) 64-Bit Server VM (25.45-b02 mixed mode windows-amd64 compressed oops)
Heap:
 PSYoungGen      total 37888K, used 10357K [0x00000000d6600000, 0x00000000d9000000, 0x0000000100000000)
  eden space 32768K, 16% used [0x00000000d6600000,0x00000000d6b221c8,0x00000000d8600000)
  from space 5120K, 99% used [0x00000000d8b00000,0x00000000d8ffb490,0x00000000d9000000)
  to   space 5120K, 0% used [0x00000000d8600000,0x00000000d8600000,0x00000000d8b00000)
 ParOldGen       total 86016K, used 5706K [0x0000000083200000, 0x0000000088600000, 0x00000000d6600000)
  object space 86016K, 6% used [0x0000000083200000,0x00000000837929e8,0x0000000088600000)
 Metaspace       used 21642K, capacity 23274K, committed 23424K, reserved 1069056K
  class space    used 3124K, capacity 3409K, committed 3456K, reserved 1048576K
GC Heap History (10 events):
Event: 1.152 GC heap before
{Heap before GC invocations=1 (full 0):
 PSYoungGen      total 37888K, used 32768K [0x00000000d6600000, 0x00000000d9000000, 0x0000000100000000)
  eden space 32768K, 100% used [0x00000000d6600000,0x00000000d8600000,0x00000000d8600000)
  from space 5120K, 0% used [0x00000000d8b00000,0x00000000d8b00000,0x00000000d9000000)
  to   space 5120K, 0% used [0x00000000d8600000,0x00000000d8600000,0x00000000d8b00000)
 ParOldGen       total 86016K, used 0K [0x0000000083200000, 0x0000000088600000, 0x00000000d6600000)
  object space 86016K, 0% used [0x0000000083200000,0x0000000083200000,0x0000000088600000)
 Metaspace       used 12517K, capacity 13016K, committed 13184K, reserved 1060864K
  class space    used 1682K, capacity 1842K, committed 1920K, reserved 1048576K
Event: 1.161 GC heap after
Heap after GC invocations=1 (full 0):
 PSYoungGen      total 37888K, used 3968K [0x00000000d6600000, 0x00000000d9000000, 0x0000000100000000)
  eden space 32768K, 0% used [0x00000000d6600000,0x00000000d6600000,0x00000000d8600000)
  from space 5120K, 77% used [0x00000000d8600000,0x00000000d89e0050,0x00000000d8b00000)
  to   space 5120K, 0% used [0x00000000d8b00000,0x00000000d8b00000,0x00000000d9000000)
 ParOldGen       total 86016K, used 16K [0x0000000083200000, 0x0000000088600000, 0x00000000d6600000)
  object space 86016K, 0% used [0x0000000083200000,0x0000000083204000,0x0000000088600000)
 Metaspace       used 12517K, capacity 13016K, committed 13184K, reserved 1060864K
  class space    used 1682K, capacity 1842K, committed 1920K, reserved 1048576K
}
Event: 1.390 GC heap before
{Heap before GC invocations=2 (full 0):
 PSYoungGen      total 37888K, used 14455K [0x00000000d6600000, 0x00000000d9000000, 0x0000000100000000)
  eden space 32768K, 32% used [0x00000000d6600000,0x00000000d703de48,0x00000000d8600000)
  from space 5120K, 77% used [0x00000000d8600000,0x00000000d89e0050,0x00000000d8b00000)
  to   space 5120K, 0% used [0x00000000d8b00000,0x00000000d8b00000,0x00000000d9000000)
 ParOldGen       total 86016K, used 16K [0x0000000083200000, 0x0000000088600000, 0x00000000d6600000)
  object space 86016K, 0% used [0x0000000083200000,0x0000000083204000,0x0000000088600000)
 Metaspace       used 13626K, capacity 14290K, committed 14336K, reserved 1060864K
  class space    used 1863K, capacity 2021K, committed 2048K, reserved 1048576K
Event: 1.400 GC heap after
Heap after GC invocations=2 (full 0):
 PSYoungGen      total 37888K, used 4224K [0x00000000d6600000, 0x00000000d9000000, 0x0000000100000000)
  eden space 32768K, 0% used [0x00000000d6600000,0x00000000d6600000,0x00000000d8600000)
  from space 5120K, 82% used [0x00000000d8b00000,0x00000000d8f20040,0x00000000d9000000)
  to   space 5120K, 0% used [0x00000000d8600000,0x00000000d8600000,0x00000000d8b00000)
 ParOldGen       total 86016K, used 88K [0x0000000083200000, 0x0000000088600000, 0x00000000d6600000)
  object space 86016K, 0% used [0x0000000083200000,0x0000000083216010,0x0000000088600000)
 Metaspace       used 13626K, capacity 14290K, committed 14336K, reserved 1060864K
  class space    used 1863K, capacity 2021K, committed 2048K, reserved 1048576K
}
Event: 1.400 GC heap before
{Heap before GC invocations=3 (full 1):
 PSYoungGen      total 37888K, used 4224K [0x00000000d6600000, 0x00000000d9000000, 0x0000000100000000)
  eden space 32768K, 0% used [0x00000000d6600000,0x00000000d6600000,0x00000000d8600000)
  from space 5120K, 82% used [0x00000000d8b00000,0x00000000d8f20040,0x00000000d9000000)
  to   space 5120K, 0% used [0x00000000d8600000,0x00000000d8600000,0x00000000d8b00000)
 ParOldGen       total 86016K, used 88K [0x0000000083200000, 0x0000000088600000, 0x00000000d6600000)
  object space 86016K, 0% used [0x0000000083200000,0x0000000083216010,0x0000000088600000)
 Metaspace       used 13626K, capacity 14290K, committed 14336K, reserved 1060864K
  class space    used 1863K, capacity 2021K, committed 2048K, reserved 1048576K
Event: 1.441 GC heap after
Heap after GC invocations=3 (full 1):
 PSYoungGen      total 37888K, used 0K [0x00000000d6600000, 0x00000000d9000000, 0x0000000100000000)
  eden space 32768K, 0% used [0x00000000d6600000,0x00000000d6600000,0x00000000d8600000)
  from space 5120K, 0% used [0x00000000d8b00000,0x00000000d8b00000,0x00000000d9000000)
  to   space 5120K, 0% used [0x00000000d8600000,0x00000000d8600000,0x00000000d8b00000)
 ParOldGen       total 86016K, used 4194K [0x0000000083200000, 0x0000000088600000, 0x00000000d6600000)
  object space 86016K, 4% used [0x0000000083200000,0x00000000836189d8,0x0000000088600000)
 Metaspace       used 13626K, capacity 14290K, committed 14336K, reserved 1060864K
  class space    used 1863K, capacity 2021K, committed 2048K, reserved 1048576K
}
Event: 2.183 GC heap before
{Heap before GC invocations=4 (full 1):
 PSYoungGen      total 37888K, used 32768K [0x00000000d6600000, 0x00000000d9000000, 0x0000000100000000)
  eden space 32768K, 100% used [0x00000000d6600000,0x00000000d8600000,0x00000000d8600000)
  from space 5120K, 0% used [0x00000000d8b00000,0x00000000d8b00000,0x00000000d9000000)
  to   space 5120K, 0% used [0x00000000d8600000,0x00000000d8600000,0x00000000d8b00000)
 ParOldGen       total 86016K, used 4194K [0x0000000083200000, 0x0000000088600000, 0x00000000d6600000)
  object space 86016K, 4% used [0x0000000083200000,0x00000000836189d8,0x0000000088600000)
 Metaspace       used 16245K, capacity 17072K, committed 17280K, reserved 1064960K
  class space    used 2139K, capacity 2338K, committed 2432K, reserved 1048576K
Event: 2.187 GC heap after
Heap after GC invocations=4 (full 1):
 PSYoungGen      total 37888K, used 3008K [0x00000000d6600000, 0x00000000d9000000, 0x0000000100000000)
  eden space 32768K, 0% used [0x00000000d6600000,0x00000000d6600000,0x00000000d8600000)
  from space 5120K, 58% used [0x00000000d8600000,0x00000000d88f0380,0x00000000d8b00000)
  to   space 5120K, 0% used [0x00000000d8b00000,0x00000000d8b00000,0x00000000d9000000)
 ParOldGen       total 86016K, used 4202K [0x0000000083200000, 0x0000000088600000, 0x00000000d6600000)
  object space 86016K, 4% used [0x0000000083200000,0x000000008361a9d8,0x0000000088600000)
 Metaspace       used 16245K, capacity 17072K, committed 17280K, reserved 1064960K
  class space    used 2139K, capacity 2338K, committed 2432K, reserved 1048576K
}
Event: 3.363 GC heap before
{Heap before GC invocations=5 (full 1):
 PSYoungGen      total 37888K, used 35776K [0x00000000d6600000, 0x00000000d9000000, 0x0000000100000000)
  eden space 32768K, 100% used [0x00000000d6600000,0x00000000d8600000,0x00000000d8600000)
  from space 5120K, 58% used [0x00000000d8600000,0x00000000d88f0380,0x00000000d8b00000)
  to   space 5120K, 0% used [0x00000000d8b00000,0x00000000d8b00000,0x00000000d9000000)
 ParOldGen       total 86016K, used 4202K [0x0000000083200000, 0x0000000088600000, 0x00000000d6600000)
  object space 86016K, 4% used [0x0000000083200000,0x000000008361a9d8,0x0000000088600000)
 Metaspace       used 20741K, capacity 22352K, committed 22528K, reserved 1069056K
  class space    used 3005K, capacity 3272K, committed 3328K, reserved 1048576K
Event: 3.379 GC heap after
Heap after GC invocations=5 (full 1):
 PSYoungGen      total 37888K, used 5101K [0x00000000d6600000, 0x00000000d9000000, 0x0000000100000000)
  eden space 32768K, 0% used [0x00000000d6600000,0x00000000d6600000,0x00000000d8600000)
  from space 5120K, 99% used [0x00000000d8b00000,0x00000000d8ffb490,0x00000000d9000000)
  to   space 5120K, 0% used [0x00000000d8600000,0x00000000d8600000,0x00000000d8b00000)
 ParOldGen       total 86016K, used 5706K [0x0000000083200000, 0x0000000088600000, 0x00000000d6600000)
  object space 86016K, 6% used [0x0000000083200000,0x00000000837929e8,0x0000000088600000)
 Metaspace       used 20741K, capacity 22352K, committed 22528K, reserved 1069056K
  class space    used 3005K, capacity 3272K, committed 3328K, reserved 1048576K
}

